Build started 04-12-2015 02:23:17.
     1>Project "D:\acads\sem 7\cps 511\assignment 3\Project1\Project1.vcxproj" on node 2 (Build target(s)).
     1>ClCompile:
         C:\Program Files (x86)\Microsoft Visual Studio 14.0\VC\bin\CL.exe /c /I"./glut-3.7.6-bin" /ZI /nologo /W3 /WX- /sdl /Od /Oy- /D _MBCS /Gm /EHsc /RTC1 /MDd /GS /fp:precise /Zc:wchar_t /Zc:forScope /Zc:inline /Fo"Debug\\" /Fd"Debug\vc140.pdb" /Gd /TP /analyze- /errorReport:prompt Modeller.cpp
         Modeller.cpp
     1>d:\acads\sem 7\cps 511\assignment 3\project1\chairs.h(73): warning C4101: 'temp': unreferenced local variable
     1>d:\acads\sem 7\cps 511\assignment 3\project1\avatar.h(59): warning C4101: 'temp': unreferenced local variable
     1>d:\acads\sem 7\cps 511\assignment 3\project1\tables.h(74): warning C4101: 'temp': unreferenced local variable
     1>d:\acads\sem 7\cps 511\assignment 3\project1\sofas.h(76): warning C4101: 'temp': unreferenced local variable
     1>d:\acads\sem 7\cps 511\assignment 3\project1\textures.h(68): warning C4838: conversion from 'double' to 'GLfloat' requires a narrowing conversion
     1>d:\acads\sem 7\cps 511\assignment 3\project1\textures.h(69): warning C4838: conversion from 'double' to 'GLfloat' requires a narrowing conversion
     1>d:\acads\sem 7\cps 511\assignment 3\project1\shelves.h(81): warning C4101: 'temp': unreferenced local variable
     1>d:\acads\sem 7\cps 511\assignment 3\project1\modeller.cpp(107): warning C4838: conversion from 'double' to 'GLfloat' requires a narrowing conversion
     1>d:\acads\sem 7\cps 511\assignment 3\project1\modeller.cpp(108): warning C4838: conversion from 'double' to 'GLfloat' requires a narrowing conversion
     1>d:\acads\sem 7\cps 511\assignment 3\project1\modeller.cpp(258): warning C4018: '<': signed/unsigned mismatch
     1>d:\acads\sem 7\cps 511\assignment 3\project1\modeller.cpp(260): warning C4018: '<': signed/unsigned mismatch
     1>d:\acads\sem 7\cps 511\assignment 3\project1\modeller.cpp(193): warning C4101: 'ch2': unreferenced local variable
     1>d:\acads\sem 7\cps 511\assignment 3\project1\modeller.cpp(192): warning C4101: 'k': unreferenced local variable
     1>d:\acads\sem 7\cps 511\assignment 3\project1\modeller.cpp(191): warning C4101: 'index': unreferenced local variable
     1>d:\acads\sem 7\cps 511\assignment 3\project1\modeller.cpp(193): warning C4101: 'ch1': unreferenced local variable
     1>d:\acads\sem 7\cps 511\assignment 3\project1\modeller.cpp(271): warning C4715: 'readBMPFile': not all control paths return a value
       Link:
         C:\Program Files (x86)\Microsoft Visual Studio 14.0\VC\bin\link.exe /ERRORREPORT:PROMPT /OUT:"D:\acads\sem 7\cps 511\assignment 3\Project1\Debug\Project1.exe" /INCREMENTAL /NOLOGO /LIBPATH:"./glut-3.7.6-bin" kernel32.lib user32.lib gdi32.lib winspool.lib comdlg32.lib advapi32.lib shell32.lib ole32.lib oleaut32.lib uuid.lib odbc32.lib odbccp32.lib kernel32.lib user32.lib gdi32.lib winspool.lib comdlg32.lib advapi32.lib shell32.lib ole32.lib oleaut32.lib uuid.lib odbc32.lib odbccp32.lib /MANIFEST /MANIFESTUAC:"level='asInvoker' uiAccess='false'" /manifest:embed /Debug /PDB:"D:\acads\sem 7\cps 511\assignment 3\Project1\Debug\Project1.pdb" /TLBID:1 /DYNAMICBASE /NXCOMPAT /IMPLIB:"D:\acads\sem 7\cps 511\assignment 3\Project1\Debug\Project1.lib" /MACHINE:X86 Debug\Modeller.obj
         Debug\QuadMesh.obj
         Project1.vcxproj -> D:\acads\sem 7\cps 511\assignment 3\Project1\Debug\Project1.exe
     1>Done Building Project "D:\acads\sem 7\cps 511\assignment 3\Project1\Project1.vcxproj" (Build target(s)).

Build succeeded.

Time Elapsed 00:00:03.00
